WARNING - 2026-04-02 02:13:17 --> [DEPRECATED] strtotime(): Passing null to parameter #1 ($datetime) of type string is deprecated in APPPATH\Views\home\index.php on line 349.
 1 APPPATH\Views\home\index.php(349): strtotime(null)
 2 SYSTEMPATH\View\View.php(238): include('D:\\xampp-82\\htdocs\\compro_ppdi\\app\\Views\\home\\index.php')
 3 SYSTEMPATH\View\View.php(241): CodeIgniter\View\View->CodeIgniter\View\{closure}()
 4 SYSTEMPATH\Common.php(1250): CodeIgniter\View\View->render('home/index', [], true)
 5 APPPATH\Controllers\Home.php(46): view('home/index', [...])
 6 SYSTEMPATH\CodeIgniter.php(951): App\Controllers\Home->index()
 7 SYSTEMPATH\CodeIgniter.php(497): CodeIgniter\CodeIgniter->runController(Object(App\Controllers\Home))
 8 SYSTEMPATH\CodeIgniter.php(340): CodeIgniter\CodeIgniter->handleRequest(null, Object(Config\Cache), false)
 9 SYSTEMPATH\Boot.php(417): CodeIgniter\CodeIgniter->run()
10 SYSTEMPATH\Boot.php(68): CodeIgniter\Boot::runCodeIgniter(Object(CodeIgniter\CodeIgniter))
11 FCPATH\index.php(59): CodeIgniter\Boot::bootWeb(Object(Config\Paths))
DEBUG - 2026-04-02 02:13:17 --> Session: Class initialized using 'CodeIgniter\Session\Handlers\FileHandler' driver.
WARNING - 2026-04-02 02:31:35 --> [DEPRECATED] strtotime(): Passing null to parameter #1 ($datetime) of type string is deprecated in APPPATH\Views\home\index.php on line 349.
 1 APPPATH\Views\home\index.php(349): strtotime(null)
 2 SYSTEMPATH\View\View.php(238): include('D:\\xampp-82\\htdocs\\compro_ppdi\\app\\Views\\home\\index.php')
 3 SYSTEMPATH\View\View.php(241): CodeIgniter\View\View->CodeIgniter\View\{closure}()
 4 SYSTEMPATH\Common.php(1250): CodeIgniter\View\View->render('home/index', [], true)
 5 APPPATH\Controllers\Home.php(46): view('home/index', [...])
 6 SYSTEMPATH\CodeIgniter.php(951): App\Controllers\Home->index()
 7 SYSTEMPATH\CodeIgniter.php(497): CodeIgniter\CodeIgniter->runController(Object(App\Controllers\Home))
 8 SYSTEMPATH\CodeIgniter.php(340): CodeIgniter\CodeIgniter->handleRequest(null, Object(Config\Cache), false)
 9 SYSTEMPATH\Boot.php(417): CodeIgniter\CodeIgniter->run()
10 SYSTEMPATH\Boot.php(68): CodeIgniter\Boot::runCodeIgniter(Object(CodeIgniter\CodeIgniter))
11 FCPATH\index.php(59): CodeIgniter\Boot::bootWeb(Object(Config\Paths))
DEBUG - 2026-04-02 02:31:35 --> Session: Class initialized using 'CodeIgniter\Session\Handlers\FileHandler' driver.
DEBUG - 2026-04-02 02:31:52 --> Session: Class initialized using 'CodeIgniter\Session\Handlers\FileHandler' driver.
DEBUG - 2026-04-02 02:31:52 --> Session: Class initialized using 'CodeIgniter\Session\Handlers\FileHandler' driver.
INFO - 2026-04-02 02:31:57 --> CSRF token verified.
DEBUG - 2026-04-02 02:31:57 --> Session: Class initialized using 'CodeIgniter\Session\Handlers\FileHandler' driver.
DEBUG - 2026-04-02 02:31:57 --> Session: Class initialized using 'CodeIgniter\Session\Handlers\FileHandler' driver.
DEBUG - 2026-04-02 02:32:02 --> Session: Class initialized using 'CodeIgniter\Session\Handlers\FileHandler' driver.
INFO - 2026-04-02 02:32:23 --> CSRF token verified.
DEBUG - 2026-04-02 02:32:23 --> Session: Class initialized using 'CodeIgniter\Session\Handlers\FileHandler' driver.
DEBUG - 2026-04-02 02:32:23 --> Session: Class initialized using 'CodeIgniter\Session\Handlers\FileHandler' driver.
DEBUG - 2026-04-02 02:32:29 --> Session: Class initialized using 'CodeIgniter\Session\Handlers\FileHandler' driver.
WARNING - 2026-04-02 02:32:33 --> [DEPRECATED] strtotime(): Passing null to parameter #1 ($datetime) of type string is deprecated in APPPATH\Views\home\index.php on line 349.
 1 APPPATH\Views\home\index.php(349): strtotime(null)
 2 SYSTEMPATH\View\View.php(238): include('D:\\xampp-82\\htdocs\\compro_ppdi\\app\\Views\\home\\index.php')
 3 SYSTEMPATH\View\View.php(241): CodeIgniter\View\View->CodeIgniter\View\{closure}()
 4 SYSTEMPATH\Common.php(1250): CodeIgniter\View\View->render('home/index', [], true)
 5 APPPATH\Controllers\Home.php(46): view('home/index', [...])
 6 SYSTEMPATH\CodeIgniter.php(951): App\Controllers\Home->index()
 7 SYSTEMPATH\CodeIgniter.php(497): CodeIgniter\CodeIgniter->runController(Object(App\Controllers\Home))
 8 SYSTEMPATH\CodeIgniter.php(340): CodeIgniter\CodeIgniter->handleRequest(null, Object(Config\Cache), false)
 9 SYSTEMPATH\Boot.php(417): CodeIgniter\CodeIgniter->run()
10 SYSTEMPATH\Boot.php(68): CodeIgniter\Boot::runCodeIgniter(Object(CodeIgniter\CodeIgniter))
11 FCPATH\index.php(59): CodeIgniter\Boot::bootWeb(Object(Config\Paths))
DEBUG - 2026-04-02 02:32:33 --> Session: Class initialized using 'CodeIgniter\Session\Handlers\FileHandler' driver.
DEBUG - 2026-04-02 02:33:19 --> Session: Class initialized using 'CodeIgniter\Session\Handlers\FileHandler' driver.
DEBUG - 2026-04-02 02:33:26 --> Session: Class initialized using 'CodeIgniter\Session\Handlers\FileHandler' driver.
DEBUG - 2026-04-02 02:35:06 --> Session: Class initialized using 'CodeIgniter\Session\Handlers\FileHandler' driver.
ERROR - 2026-04-02 02:35:06 --> Duplicate column name 'collected_amount'
in SYSTEMPATH\Database\MySQLi\Connection.php on line 300.
 1 SYSTEMPATH\Database\MySQLi\Connection.php(300): mysqli->query('ALTER TABLE programs ADD collected_amount DECIMAL(15,2) DEFAULT 0;', 0)
 2 SYSTEMPATH\Database\BaseConnection.php(769): CodeIgniter\Database\MySQLi\Connection->execute('ALTER TABLE programs ADD collected_amount DECIMAL(15,2) DEFAULT 0;')
 3 SYSTEMPATH\Database\BaseConnection.php(686): CodeIgniter\Database\BaseConnection->simpleQuery('ALTER TABLE programs ADD collected_amount DECIMAL(15,2) DEFAULT 0;')
 4 APPPATH\Controllers\Dashboard.php(420): CodeIgniter\Database\BaseConnection->query('ALTER TABLE programs ADD collected_amount DECIMAL(15,2) DEFAULT 0;')
 5 SYSTEMPATH\CodeIgniter.php(951): App\Controllers\Dashboard->patchDb()
 6 SYSTEMPATH\CodeIgniter.php(497): CodeIgniter\CodeIgniter->runController(Object(App\Controllers\Dashboard))
 7 SYSTEMPATH\CodeIgniter.php(340): CodeIgniter\CodeIgniter->handleRequest(null, Object(Config\Cache), false)
 8 SYSTEMPATH\Boot.php(417): CodeIgniter\CodeIgniter->run()
 9 SYSTEMPATH\Boot.php(68): CodeIgniter\Boot::runCodeIgniter(Object(CodeIgniter\CodeIgniter))
10 FCPATH\index.php(59): CodeIgniter\Boot::bootWeb(Object(Config\Paths))
ERROR - 2026-04-02 02:35:06 --> Duplicate column name 'proof_image'
in SYSTEMPATH\Database\MySQLi\Connection.php on line 300.
 1 SYSTEMPATH\Database\MySQLi\Connection.php(300): mysqli->query('ALTER TABLE transactions ADD proof_image VARCHAR(255) NULL;', 0)
 2 SYSTEMPATH\Database\BaseConnection.php(769): CodeIgniter\Database\MySQLi\Connection->execute('ALTER TABLE transactions ADD proof_image VARCHAR(255) NULL;')
 3 SYSTEMPATH\Database\BaseConnection.php(686): CodeIgniter\Database\BaseConnection->simpleQuery('ALTER TABLE transactions ADD proof_image VARCHAR(255) NULL;')
 4 APPPATH\Controllers\Dashboard.php(421): CodeIgniter\Database\BaseConnection->query('ALTER TABLE transactions ADD proof_image VARCHAR(255) NULL;')
 5 SYSTEMPATH\CodeIgniter.php(951): App\Controllers\Dashboard->patchDb()
 6 SYSTEMPATH\CodeIgniter.php(497): CodeIgniter\CodeIgniter->runController(Object(App\Controllers\Dashboard))
 7 SYSTEMPATH\CodeIgniter.php(340): CodeIgniter\CodeIgniter->handleRequest(null, Object(Config\Cache), false)
 8 SYSTEMPATH\Boot.php(417): CodeIgniter\CodeIgniter->run()
 9 SYSTEMPATH\Boot.php(68): CodeIgniter\Boot::runCodeIgniter(Object(CodeIgniter\CodeIgniter))
10 FCPATH\index.php(59): CodeIgniter\Boot::bootWeb(Object(Config\Paths))
DEBUG - 2026-04-02 02:36:00 --> Session: Class initialized using 'CodeIgniter\Session\Handlers\FileHandler' driver.
DEBUG - 2026-04-02 02:48:44 --> Session: Class initialized using 'CodeIgniter\Session\Handlers\FileHandler' driver.
WARNING - 2026-04-02 02:48:48 --> [DEPRECATED] strtotime(): Passing null to parameter #1 ($datetime) of type string is deprecated in APPPATH\Views\home\index.php on line 349.
 1 APPPATH\Views\home\index.php(349): strtotime(null)
 2 SYSTEMPATH\View\View.php(238): include('D:\\xampp-82\\htdocs\\compro_ppdi\\app\\Views\\home\\index.php')
 3 SYSTEMPATH\View\View.php(241): CodeIgniter\View\View->CodeIgniter\View\{closure}()
 4 SYSTEMPATH\Common.php(1250): CodeIgniter\View\View->render('home/index', [], true)
 5 APPPATH\Controllers\Home.php(46): view('home/index', [...])
 6 SYSTEMPATH\CodeIgniter.php(951): App\Controllers\Home->index()
 7 SYSTEMPATH\CodeIgniter.php(497): CodeIgniter\CodeIgniter->runController(Object(App\Controllers\Home))
 8 SYSTEMPATH\CodeIgniter.php(340): CodeIgniter\CodeIgniter->handleRequest(null, Object(Config\Cache), false)
 9 SYSTEMPATH\Boot.php(417): CodeIgniter\CodeIgniter->run()
10 SYSTEMPATH\Boot.php(68): CodeIgniter\Boot::runCodeIgniter(Object(CodeIgniter\CodeIgniter))
11 FCPATH\index.php(59): CodeIgniter\Boot::bootWeb(Object(Config\Paths))
DEBUG - 2026-04-02 02:48:48 --> Session: Class initialized using 'CodeIgniter\Session\Handlers\FileHandler' driver.
DEBUG - 2026-04-02 02:58:07 --> Session: Class initialized using 'CodeIgniter\Session\Handlers\FileHandler' driver.
DEBUG - 2026-04-02 02:58:14 --> Session: Class initialized using 'CodeIgniter\Session\Handlers\FileHandler' driver.
DEBUG - 2026-04-02 02:58:17 --> Session: Class initialized using 'CodeIgniter\Session\Handlers\FileHandler' driver.
DEBUG - 2026-04-02 02:59:06 --> Session: Class initialized using 'CodeIgniter\Session\Handlers\FileHandler' driver.
DEBUG - 2026-04-02 02:59:09 --> Session: Class initialized using 'CodeIgniter\Session\Handlers\FileHandler' driver.
DEBUG - 2026-04-02 02:59:14 --> Session: Class initialized using 'CodeIgniter\Session\Handlers\FileHandler' driver.
WARNING - 2026-04-02 02:59:16 --> [DEPRECATED] strtotime(): Passing null to parameter #1 ($datetime) of type string is deprecated in APPPATH\Views\home\index.php on line 349.
 1 APPPATH\Views\home\index.php(349): strtotime(null)
 2 SYSTEMPATH\View\View.php(238): include('D:\\xampp-82\\htdocs\\compro_ppdi\\app\\Views\\home\\index.php')
 3 SYSTEMPATH\View\View.php(241): CodeIgniter\View\View->CodeIgniter\View\{closure}()
 4 SYSTEMPATH\Common.php(1250): CodeIgniter\View\View->render('home/index', [], true)
 5 APPPATH\Controllers\Home.php(46): view('home/index', [...])
 6 SYSTEMPATH\CodeIgniter.php(951): App\Controllers\Home->index()
 7 SYSTEMPATH\CodeIgniter.php(497): CodeIgniter\CodeIgniter->runController(Object(App\Controllers\Home))
 8 SYSTEMPATH\CodeIgniter.php(340): CodeIgniter\CodeIgniter->handleRequest(null, Object(Config\Cache), false)
 9 SYSTEMPATH\Boot.php(417): CodeIgniter\CodeIgniter->run()
10 SYSTEMPATH\Boot.php(68): CodeIgniter\Boot::runCodeIgniter(Object(CodeIgniter\CodeIgniter))
11 FCPATH\index.php(59): CodeIgniter\Boot::bootWeb(Object(Config\Paths))
DEBUG - 2026-04-02 02:59:16 --> Session: Class initialized using 'CodeIgniter\Session\Handlers\FileHandler' driver.
DEBUG - 2026-04-02 02:59:20 --> Session: Class initialized using 'CodeIgniter\Session\Handlers\FileHandler' driver.
ERROR - 2026-04-02 03:00:39 --> Duplicate entry 'site_name' for key 'setting_key'
in SYSTEMPATH\Database\MySQLi\Connection.php on line 300.
 1 SYSTEMPATH\Database\MySQLi\Connection.php(300): mysqli->query('INSERT INTO `settings` (`setting_key`, `setting_value`)
VALUES (\'site_name\',\'Maziska PPDI\'), (\'midtrans_enabled\',\'1\'), (\'midtrans_server_key\',\'SB-Mid-server-xxxxxxxxxxxx\'), (\'midtrans_client_key\',\'SB-Mid-client-xxxxxxxxxxxx\'), (\'is_production\',\'0\'), (\'api_gateway_key\',\'maziska_secure_sys_key_2026\'), (\'contact_email\',\'info@maziska-ppdi.org\'), (\'contact_phone\',\'0812-3456-7890\'), (\'contact_wa\',\'6281234567890\'), (\'contact_address\',\'Gedung Maziska PPDI\\nJl. Sudirman No 45, Jakarta Selatan\'), (\'contact_maps\',\'https://www.google.com/maps/embed?pb=!1m18!1m12!1m3!1d126906.94589278771!2d106.7891551!3d-6.2297465!2m3!1f0!2f0!3f0!3m2!1i1024!2i768!4f13.1!3m3!1m2!1s0x2e69f3e489c62923%3A0xc3cf237d6e492215!2sJakarta%20Selatan%2C%20Kota%20Jakarta%20Selatan%2C%20Daerah%20Khusus%20Ibukota%20Jakarta!5e0!3m2!1sid!2sid!4v1700000000000!5m2!1sid!2sid\'), (\'social_facebook\',\'https://facebook.com/maziska.ppdi\'), (\'social_instagram\',\'https://instagram.com/maziska.ppdi\'), (\'social_twitter\',\'https://twitter.com/maziska_ppdi\'), (\'social_youtube\',\'https://youtube.com/c/MaziskaPPDI\'), (\'social_tiktok\',\'https://tiktok.com/@maziska.ppdi\')', 0)
 2 SYSTEMPATH\Database\BaseConnection.php(769): CodeIgniter\Database\MySQLi\Connection->execute('INSERT INTO `settings` (`setting_key`, `setting_value`)
VALUES (\'site_name\',\'Maziska PPDI\'), (\'midtrans_enabled\',\'1\'), (\'midtrans_server_key\',\'SB-Mid-server-xxxxxxxxxxxx\'), (\'midtrans_client_key\',\'SB-Mid-client-xxxxxxxxxxxx\'), (\'is_production\',\'0\'), (\'api_gateway_key\',\'maziska_secure_sys_key_2026\'), (\'contact_email\',\'info@maziska-ppdi.org\'), (\'contact_phone\',\'0812-3456-7890\'), (\'contact_wa\',\'6281234567890\'), (\'contact_address\',\'Gedung Maziska PPDI\\nJl. Sudirman No 45, Jakarta Selatan\'), (\'contact_maps\',\'https://www.google.com/maps/embed?pb=!1m18!1m12!1m3!1d126906.94589278771!2d106.7891551!3d-6.2297465!2m3!1f0!2f0!3f0!3m2!1i1024!2i768!4f13.1!3m3!1m2!1s0x2e69f3e489c62923%3A0xc3cf237d6e492215!2sJakarta%20Selatan%2C%20Kota%20Jakarta%20Selatan%2C%20Daerah%20Khusus%20Ibukota%20Jakarta!5e0!3m2!1sid!2sid!4v1700000000000!5m2!1sid!2sid\'), (\'social_facebook\',\'https://facebook.com/maziska.ppdi\'), (\'social_instagram\',\'https://instagram.com/maziska.ppdi\'), (\'social_twitter\',\'https://twitter.com/maziska_ppdi\'), (\'social_youtube\',\'https://youtube.com/c/MaziskaPPDI\'), (\'social_tiktok\',\'https://tiktok.com/@maziska.ppdi\')')
 3 SYSTEMPATH\Database\BaseConnection.php(686): CodeIgniter\Database\BaseConnection->simpleQuery('INSERT INTO `settings` (`setting_key`, `setting_value`)
VALUES (\'site_name\',\'Maziska PPDI\'), (\'midtrans_enabled\',\'1\'), (\'midtrans_server_key\',\'SB-Mid-server-xxxxxxxxxxxx\'), (\'midtrans_client_key\',\'SB-Mid-client-xxxxxxxxxxxx\'), (\'is_production\',\'0\'), (\'api_gateway_key\',\'maziska_secure_sys_key_2026\'), (\'contact_email\',\'info@maziska-ppdi.org\'), (\'contact_phone\',\'0812-3456-7890\'), (\'contact_wa\',\'6281234567890\'), (\'contact_address\',\'Gedung Maziska PPDI\\nJl. Sudirman No 45, Jakarta Selatan\'), (\'contact_maps\',\'https://www.google.com/maps/embed?pb=!1m18!1m12!1m3!1d126906.94589278771!2d106.7891551!3d-6.2297465!2m3!1f0!2f0!3f0!3m2!1i1024!2i768!4f13.1!3m3!1m2!1s0x2e69f3e489c62923%3A0xc3cf237d6e492215!2sJakarta%20Selatan%2C%20Kota%20Jakarta%20Selatan%2C%20Daerah%20Khusus%20Ibukota%20Jakarta!5e0!3m2!1sid!2sid!4v1700000000000!5m2!1sid!2sid\'), (\'social_facebook\',\'https://facebook.com/maziska.ppdi\'), (\'social_instagram\',\'https://instagram.com/maziska.ppdi\'), (\'social_twitter\',\'https://twitter.com/maziska_ppdi\'), (\'social_youtube\',\'https://youtube.com/c/MaziskaPPDI\'), (\'social_tiktok\',\'https://tiktok.com/@maziska.ppdi\')')
 4 SYSTEMPATH\Database\BaseBuilder.php(1841): CodeIgniter\Database\BaseConnection->query('INSERT INTO `settings` (`setting_key`, `setting_value`)
VALUES (\'site_name\',\'Maziska PPDI\'), (\'midtrans_enabled\',\'1\'), (\'midtrans_server_key\',\'SB-Mid-server-xxxxxxxxxxxx\'), (\'midtrans_client_key\',\'SB-Mid-client-xxxxxxxxxxxx\'), (\'is_production\',\'0\'), (\'api_gateway_key\',\'maziska_secure_sys_key_2026\'), (\'contact_email\',\'info@maziska-ppdi.org\'), (\'contact_phone\',\'0812-3456-7890\'), (\'contact_wa\',\'6281234567890\'), (\'contact_address\',\'Gedung Maziska PPDI\\nJl. Sudirman No 45, Jakarta Selatan\'), (\'contact_maps\',\'https://www.google.com/maps/embed?pb=!1m18!1m12!1m3!1d126906.94589278771!2d106.7891551!3d-6.2297465!2m3!1f0!2f0!3f0!3m2!1i1024!2i768!4f13.1!3m3!1m2!1s0x2e69f3e489c62923%3A0xc3cf237d6e492215!2sJakarta%20Selatan%2C%20Kota%20Jakarta%20Selatan%2C%20Daerah%20Khusus%20Ibukota%20Jakarta!5e0!3m2!1sid!2sid!4v1700000000000!5m2!1sid!2sid\'), (\'social_facebook\',\'https://facebook.com/maziska.ppdi\'), (\'social_instagram\',\'https://instagram.com/maziska.ppdi\'), (\'social_twitter\',\'https://twitter.com/maziska_ppdi\'), (\'social_youtube\',\'https://youtube.com/c/MaziskaPPDI\'), (\'social_tiktok\',\'https://tiktok.com/@maziska.ppdi\')', null, false)
 5 SYSTEMPATH\Database\BaseBuilder.php(2230): CodeIgniter\Database\BaseBuilder->batchExecute('_insertBatch', 100)
 6 APPPATH\Database\Seeds\MaziskaSeeder.php(40): CodeIgniter\Database\BaseBuilder->insertBatch([...])
 7 SYSTEMPATH\Database\Seeder.php(155): App\Database\Seeds\MaziskaSeeder->run()
 8 SYSTEMPATH\Commands\Database\Seed.php(79): CodeIgniter\Database\Seeder->call('App\\Database\\Seeds\\MaziskaSeeder')
 9 SYSTEMPATH\CLI\Commands.php(74): CodeIgniter\Commands\Database\Seed->run([])
10 SYSTEMPATH\CLI\Console.php(47): CodeIgniter\CLI\Commands->run('db:seed', [...])
11 SYSTEMPATH\Boot.php(442): CodeIgniter\CLI\Console->run()
12 SYSTEMPATH\Boot.php(166): CodeIgniter\Boot::runCommand(Object(CodeIgniter\CLI\Console))
13 ROOTPATH\spark(87): CodeIgniter\Boot::bootSpark(Object(Config\Paths))
DEBUG - 2026-04-02 03:02:37 --> Session: Class initialized using 'CodeIgniter\Session\Handlers\FileHandler' driver.
WARNING - 2026-04-02 03:02:37 --> [DEPRECATED] strtotime(): Passing null to parameter #1 ($datetime) of type string is deprecated in APPPATH\Views\admin\dashboard\posts.php on line 42.
 1 APPPATH\Views\admin\dashboard\posts.php(42): strtotime(null)
 2 SYSTEMPATH\View\View.php(238): include('D:\\xampp-82\\htdocs\\compro_ppdi\\app\\Views\\admin\\dashboard\\posts.php')
 3 SYSTEMPATH\View\View.php(241): CodeIgniter\View\View->CodeIgniter\View\{closure}()
 4 SYSTEMPATH\Common.php(1250): CodeIgniter\View\View->render('admin/dashboard/posts', [], true)
 5 APPPATH\Controllers\Dashboard.php(70): view('admin/dashboard/posts', [...])
 6 SYSTEMPATH\CodeIgniter.php(951): App\Controllers\Dashboard->posts()
 7 SYSTEMPATH\CodeIgniter.php(497): CodeIgniter\CodeIgniter->runController(Object(App\Controllers\Dashboard))
 8 SYSTEMPATH\CodeIgniter.php(340): CodeIgniter\CodeIgniter->handleRequest(null, Object(Config\Cache), false)
 9 SYSTEMPATH\Boot.php(417): CodeIgniter\CodeIgniter->run()
10 SYSTEMPATH\Boot.php(68): CodeIgniter\Boot::runCodeIgniter(Object(CodeIgniter\CodeIgniter))
11 FCPATH\index.php(59): CodeIgniter\Boot::bootWeb(Object(Config\Paths))
WARNING - 2026-04-02 03:02:37 --> [DEPRECATED] strtotime(): Passing null to parameter #1 ($datetime) of type string is deprecated in APPPATH\Views\admin\dashboard\posts.php on line 42.
 1 APPPATH\Views\admin\dashboard\posts.php(42): strtotime(null)
 2 SYSTEMPATH\View\View.php(238): include('D:\\xampp-82\\htdocs\\compro_ppdi\\app\\Views\\admin\\dashboard\\posts.php')
 3 SYSTEMPATH\View\View.php(241): CodeIgniter\View\View->CodeIgniter\View\{closure}()
 4 SYSTEMPATH\Common.php(1250): CodeIgniter\View\View->render('admin/dashboard/posts', [], true)
 5 APPPATH\Controllers\Dashboard.php(70): view('admin/dashboard/posts', [...])
 6 SYSTEMPATH\CodeIgniter.php(951): App\Controllers\Dashboard->posts()
 7 SYSTEMPATH\CodeIgniter.php(497): CodeIgniter\CodeIgniter->runController(Object(App\Controllers\Dashboard))
 8 SYSTEMPATH\CodeIgniter.php(340): CodeIgniter\CodeIgniter->handleRequest(null, Object(Config\Cache), false)
 9 SYSTEMPATH\Boot.php(417): CodeIgniter\CodeIgniter->run()
10 SYSTEMPATH\Boot.php(68): CodeIgniter\Boot::runCodeIgniter(Object(CodeIgniter\CodeIgniter))
11 FCPATH\index.php(59): CodeIgniter\Boot::bootWeb(Object(Config\Paths))
WARNING - 2026-04-02 03:02:37 --> [DEPRECATED] strtotime(): Passing null to parameter #1 ($datetime) of type string is deprecated in APPPATH\Views\admin\dashboard\posts.php on line 42.
 1 APPPATH\Views\admin\dashboard\posts.php(42): strtotime(null)
 2 SYSTEMPATH\View\View.php(238): include('D:\\xampp-82\\htdocs\\compro_ppdi\\app\\Views\\admin\\dashboard\\posts.php')
 3 SYSTEMPATH\View\View.php(241): CodeIgniter\View\View->CodeIgniter\View\{closure}()
 4 SYSTEMPATH\Common.php(1250): CodeIgniter\View\View->render('admin/dashboard/posts', [], true)
 5 APPPATH\Controllers\Dashboard.php(70): view('admin/dashboard/posts', [...])
 6 SYSTEMPATH\CodeIgniter.php(951): App\Controllers\Dashboard->posts()
 7 SYSTEMPATH\CodeIgniter.php(497): CodeIgniter\CodeIgniter->runController(Object(App\Controllers\Dashboard))
 8 SYSTEMPATH\CodeIgniter.php(340): CodeIgniter\CodeIgniter->handleRequest(null, Object(Config\Cache), false)
 9 SYSTEMPATH\Boot.php(417): CodeIgniter\CodeIgniter->run()
10 SYSTEMPATH\Boot.php(68): CodeIgniter\Boot::runCodeIgniter(Object(CodeIgniter\CodeIgniter))
11 FCPATH\index.php(59): CodeIgniter\Boot::bootWeb(Object(Config\Paths))
DEBUG - 2026-04-02 03:02:39 --> Session: Class initialized using 'CodeIgniter\Session\Handlers\FileHandler' driver.
DEBUG - 2026-04-02 03:02:47 --> Session: Class initialized using 'CodeIgniter\Session\Handlers\FileHandler' driver.
DEBUG - 2026-04-02 03:02:56 --> Session: Class initialized using 'CodeIgniter\Session\Handlers\FileHandler' driver.
WARNING - 2026-04-02 03:02:56 --> [DEPRECATED] strtotime(): Passing null to parameter #1 ($datetime) of type string is deprecated in APPPATH\Views\admin\dashboard\posts.php on line 42.
 1 APPPATH\Views\admin\dashboard\posts.php(42): strtotime(null)
 2 SYSTEMPATH\View\View.php(238): include('D:\\xampp-82\\htdocs\\compro_ppdi\\app\\Views\\admin\\dashboard\\posts.php')
 3 SYSTEMPATH\View\View.php(241): CodeIgniter\View\View->CodeIgniter\View\{closure}()
 4 SYSTEMPATH\Common.php(1250): CodeIgniter\View\View->render('admin/dashboard/posts', [], true)
 5 APPPATH\Controllers\Dashboard.php(70): view('admin/dashboard/posts', [...])
 6 SYSTEMPATH\CodeIgniter.php(951): App\Controllers\Dashboard->posts()
 7 SYSTEMPATH\CodeIgniter.php(497): CodeIgniter\CodeIgniter->runController(Object(App\Controllers\Dashboard))
 8 SYSTEMPATH\CodeIgniter.php(340): CodeIgniter\CodeIgniter->handleRequest(null, Object(Config\Cache), false)
 9 SYSTEMPATH\Boot.php(417): CodeIgniter\CodeIgniter->run()
10 SYSTEMPATH\Boot.php(68): CodeIgniter\Boot::runCodeIgniter(Object(CodeIgniter\CodeIgniter))
11 FCPATH\index.php(59): CodeIgniter\Boot::bootWeb(Object(Config\Paths))
WARNING - 2026-04-02 03:02:56 --> [DEPRECATED] strtotime(): Passing null to parameter #1 ($datetime) of type string is deprecated in APPPATH\Views\admin\dashboard\posts.php on line 42.
 1 APPPATH\Views\admin\dashboard\posts.php(42): strtotime(null)
 2 SYSTEMPATH\View\View.php(238): include('D:\\xampp-82\\htdocs\\compro_ppdi\\app\\Views\\admin\\dashboard\\posts.php')
 3 SYSTEMPATH\View\View.php(241): CodeIgniter\View\View->CodeIgniter\View\{closure}()
 4 SYSTEMPATH\Common.php(1250): CodeIgniter\View\View->render('admin/dashboard/posts', [], true)
 5 APPPATH\Controllers\Dashboard.php(70): view('admin/dashboard/posts', [...])
 6 SYSTEMPATH\CodeIgniter.php(951): App\Controllers\Dashboard->posts()
 7 SYSTEMPATH\CodeIgniter.php(497): CodeIgniter\CodeIgniter->runController(Object(App\Controllers\Dashboard))
 8 SYSTEMPATH\CodeIgniter.php(340): CodeIgniter\CodeIgniter->handleRequest(null, Object(Config\Cache), false)
 9 SYSTEMPATH\Boot.php(417): CodeIgniter\CodeIgniter->run()
10 SYSTEMPATH\Boot.php(68): CodeIgniter\Boot::runCodeIgniter(Object(CodeIgniter\CodeIgniter))
11 FCPATH\index.php(59): CodeIgniter\Boot::bootWeb(Object(Config\Paths))
WARNING - 2026-04-02 03:02:56 --> [DEPRECATED] strtotime(): Passing null to parameter #1 ($datetime) of type string is deprecated in APPPATH\Views\admin\dashboard\posts.php on line 42.
 1 APPPATH\Views\admin\dashboard\posts.php(42): strtotime(null)
 2 SYSTEMPATH\View\View.php(238): include('D:\\xampp-82\\htdocs\\compro_ppdi\\app\\Views\\admin\\dashboard\\posts.php')
 3 SYSTEMPATH\View\View.php(241): CodeIgniter\View\View->CodeIgniter\View\{closure}()
 4 SYSTEMPATH\Common.php(1250): CodeIgniter\View\View->render('admin/dashboard/posts', [], true)
 5 APPPATH\Controllers\Dashboard.php(70): view('admin/dashboard/posts', [...])
 6 SYSTEMPATH\CodeIgniter.php(951): App\Controllers\Dashboard->posts()
 7 SYSTEMPATH\CodeIgniter.php(497): CodeIgniter\CodeIgniter->runController(Object(App\Controllers\Dashboard))
 8 SYSTEMPATH\CodeIgniter.php(340): CodeIgniter\CodeIgniter->handleRequest(null, Object(Config\Cache), false)
 9 SYSTEMPATH\Boot.php(417): CodeIgniter\CodeIgniter->run()
10 SYSTEMPATH\Boot.php(68): CodeIgniter\Boot::runCodeIgniter(Object(CodeIgniter\CodeIgniter))
11 FCPATH\index.php(59): CodeIgniter\Boot::bootWeb(Object(Config\Paths))
DEBUG - 2026-04-02 03:02:58 --> Session: Class initialized using 'CodeIgniter\Session\Handlers\FileHandler' driver.
DEBUG - 2026-04-02 03:03:00 --> Session: Class initialized using 'CodeIgniter\Session\Handlers\FileHandler' driver.
DEBUG - 2026-04-02 03:03:37 --> Session: Class initialized using 'CodeIgniter\Session\Handlers\FileHandler' driver.
ERROR - 2026-04-02 03:03:37 --> Duplicate column name 'collected_amount'
in SYSTEMPATH\Database\MySQLi\Connection.php on line 300.
 1 SYSTEMPATH\Database\MySQLi\Connection.php(300): mysqli->query('ALTER TABLE programs ADD collected_amount DECIMAL(15,2) DEFAULT 0;', 0)
 2 SYSTEMPATH\Database\BaseConnection.php(769): CodeIgniter\Database\MySQLi\Connection->execute('ALTER TABLE programs ADD collected_amount DECIMAL(15,2) DEFAULT 0;')
 3 SYSTEMPATH\Database\BaseConnection.php(686): CodeIgniter\Database\BaseConnection->simpleQuery('ALTER TABLE programs ADD collected_amount DECIMAL(15,2) DEFAULT 0;')
 4 APPPATH\Controllers\Dashboard.php(420): CodeIgniter\Database\BaseConnection->query('ALTER TABLE programs ADD collected_amount DECIMAL(15,2) DEFAULT 0;')
 5 SYSTEMPATH\CodeIgniter.php(951): App\Controllers\Dashboard->patchDb()
 6 SYSTEMPATH\CodeIgniter.php(497): CodeIgniter\CodeIgniter->runController(Object(App\Controllers\Dashboard))
 7 SYSTEMPATH\CodeIgniter.php(340): CodeIgniter\CodeIgniter->handleRequest(null, Object(Config\Cache), false)
 8 SYSTEMPATH\Boot.php(417): CodeIgniter\CodeIgniter->run()
 9 SYSTEMPATH\Boot.php(68): CodeIgniter\Boot::runCodeIgniter(Object(CodeIgniter\CodeIgniter))
10 FCPATH\index.php(59): CodeIgniter\Boot::bootWeb(Object(Config\Paths))
ERROR - 2026-04-02 03:03:37 --> Duplicate column name 'proof_image'
in SYSTEMPATH\Database\MySQLi\Connection.php on line 300.
 1 SYSTEMPATH\Database\MySQLi\Connection.php(300): mysqli->query('ALTER TABLE transactions ADD proof_image VARCHAR(255) NULL;', 0)
 2 SYSTEMPATH\Database\BaseConnection.php(769): CodeIgniter\Database\MySQLi\Connection->execute('ALTER TABLE transactions ADD proof_image VARCHAR(255) NULL;')
 3 SYSTEMPATH\Database\BaseConnection.php(686): CodeIgniter\Database\BaseConnection->simpleQuery('ALTER TABLE transactions ADD proof_image VARCHAR(255) NULL;')
 4 APPPATH\Controllers\Dashboard.php(421): CodeIgniter\Database\BaseConnection->query('ALTER TABLE transactions ADD proof_image VARCHAR(255) NULL;')
 5 SYSTEMPATH\CodeIgniter.php(951): App\Controllers\Dashboard->patchDb()
 6 SYSTEMPATH\CodeIgniter.php(497): CodeIgniter\CodeIgniter->runController(Object(App\Controllers\Dashboard))
 7 SYSTEMPATH\CodeIgniter.php(340): CodeIgniter\CodeIgniter->handleRequest(null, Object(Config\Cache), false)
 8 SYSTEMPATH\Boot.php(417): CodeIgniter\CodeIgniter->run()
 9 SYSTEMPATH\Boot.php(68): CodeIgniter\Boot::runCodeIgniter(Object(CodeIgniter\CodeIgniter))
10 FCPATH\index.php(59): CodeIgniter\Boot::bootWeb(Object(Config\Paths))
DEBUG - 2026-04-02 03:04:01 --> Session: Class initialized using 'CodeIgniter\Session\Handlers\FileHandler' driver.
WARNING - 2026-04-02 03:04:01 --> [DEPRECATED] strtotime(): Passing null to parameter #1 ($datetime) of type string is deprecated in APPPATH\Views\admin\dashboard\posts.php on line 42.
 1 APPPATH\Views\admin\dashboard\posts.php(42): strtotime(null)
 2 SYSTEMPATH\View\View.php(238): include('D:\\xampp-82\\htdocs\\compro_ppdi\\app\\Views\\admin\\dashboard\\posts.php')
 3 SYSTEMPATH\View\View.php(241): CodeIgniter\View\View->CodeIgniter\View\{closure}()
 4 SYSTEMPATH\Common.php(1250): CodeIgniter\View\View->render('admin/dashboard/posts', [], true)
 5 APPPATH\Controllers\Dashboard.php(70): view('admin/dashboard/posts', [...])
 6 SYSTEMPATH\CodeIgniter.php(951): App\Controllers\Dashboard->posts()
 7 SYSTEMPATH\CodeIgniter.php(497): CodeIgniter\CodeIgniter->runController(Object(App\Controllers\Dashboard))
 8 SYSTEMPATH\CodeIgniter.php(340): CodeIgniter\CodeIgniter->handleRequest(null, Object(Config\Cache), false)
 9 SYSTEMPATH\Boot.php(417): CodeIgniter\CodeIgniter->run()
10 SYSTEMPATH\Boot.php(68): CodeIgniter\Boot::runCodeIgniter(Object(CodeIgniter\CodeIgniter))
11 FCPATH\index.php(59): CodeIgniter\Boot::bootWeb(Object(Config\Paths))
WARNING - 2026-04-02 03:04:01 --> [DEPRECATED] strtotime(): Passing null to parameter #1 ($datetime) of type string is deprecated in APPPATH\Views\admin\dashboard\posts.php on line 42.
 1 APPPATH\Views\admin\dashboard\posts.php(42): strtotime(null)
 2 SYSTEMPATH\View\View.php(238): include('D:\\xampp-82\\htdocs\\compro_ppdi\\app\\Views\\admin\\dashboard\\posts.php')
 3 SYSTEMPATH\View\View.php(241): CodeIgniter\View\View->CodeIgniter\View\{closure}()
 4 SYSTEMPATH\Common.php(1250): CodeIgniter\View\View->render('admin/dashboard/posts', [], true)
 5 APPPATH\Controllers\Dashboard.php(70): view('admin/dashboard/posts', [...])
 6 SYSTEMPATH\CodeIgniter.php(951): App\Controllers\Dashboard->posts()
 7 SYSTEMPATH\CodeIgniter.php(497): CodeIgniter\CodeIgniter->runController(Object(App\Controllers\Dashboard))
 8 SYSTEMPATH\CodeIgniter.php(340): CodeIgniter\CodeIgniter->handleRequest(null, Object(Config\Cache), false)
 9 SYSTEMPATH\Boot.php(417): CodeIgniter\CodeIgniter->run()
10 SYSTEMPATH\Boot.php(68): CodeIgniter\Boot::runCodeIgniter(Object(CodeIgniter\CodeIgniter))
11 FCPATH\index.php(59): CodeIgniter\Boot::bootWeb(Object(Config\Paths))
WARNING - 2026-04-02 03:04:01 --> [DEPRECATED] strtotime(): Passing null to parameter #1 ($datetime) of type string is deprecated in APPPATH\Views\admin\dashboard\posts.php on line 42.
 1 APPPATH\Views\admin\dashboard\posts.php(42): strtotime(null)
 2 SYSTEMPATH\View\View.php(238): include('D:\\xampp-82\\htdocs\\compro_ppdi\\app\\Views\\admin\\dashboard\\posts.php')
 3 SYSTEMPATH\View\View.php(241): CodeIgniter\View\View->CodeIgniter\View\{closure}()
 4 SYSTEMPATH\Common.php(1250): CodeIgniter\View\View->render('admin/dashboard/posts', [], true)
 5 APPPATH\Controllers\Dashboard.php(70): view('admin/dashboard/posts', [...])
 6 SYSTEMPATH\CodeIgniter.php(951): App\Controllers\Dashboard->posts()
 7 SYSTEMPATH\CodeIgniter.php(497): CodeIgniter\CodeIgniter->runController(Object(App\Controllers\Dashboard))
 8 SYSTEMPATH\CodeIgniter.php(340): CodeIgniter\CodeIgniter->handleRequest(null, Object(Config\Cache), false)
 9 SYSTEMPATH\Boot.php(417): CodeIgniter\CodeIgniter->run()
10 SYSTEMPATH\Boot.php(68): CodeIgniter\Boot::runCodeIgniter(Object(CodeIgniter\CodeIgniter))
11 FCPATH\index.php(59): CodeIgniter\Boot::bootWeb(Object(Config\Paths))
DEBUG - 2026-04-02 03:04:02 --> Session: Class initialized using 'CodeIgniter\Session\Handlers\FileHandler' driver.
DEBUG - 2026-04-02 03:04:14 --> Session: Class initialized using 'CodeIgniter\Session\Handlers\FileHandler' driver.
CRITICAL - 2026-04-02 03:04:35 --> ErrorException: Undefined variable $categories
[Method: GET, Route: artikel]
in APPPATH\Views\berita\index.php on line 36.
 1 APPPATH\Views\berita\index.php(36): CodeIgniter\Debug\Exceptions->errorHandler(2, 'Undefined variable $categories', 'D:\\xampp-82\\htdocs\\compro_ppdi\\app\\Views\\berita\\index.php', 36)
 2 SYSTEMPATH\View\View.php(238): include('D:\\xampp-82\\htdocs\\compro_ppdi\\app\\Views\\berita\\index.php')
 3 SYSTEMPATH\View\View.php(241): CodeIgniter\View\View->CodeIgniter\View\{closure}()
 4 SYSTEMPATH\Common.php(1250): CodeIgniter\View\View->render('berita/index', [], true)
 5 APPPATH\Controllers\BeritaController.php(48): view('berita/index', [...])
 6 SYSTEMPATH\CodeIgniter.php(951): App\Controllers\BeritaController->artikel()
 7 SYSTEMPATH\CodeIgniter.php(497): CodeIgniter\CodeIgniter->runController(Object(App\Controllers\BeritaController))
 8 SYSTEMPATH\CodeIgniter.php(340): CodeIgniter\CodeIgniter->handleRequest(null, Object(Config\Cache), false)
 9 SYSTEMPATH\Boot.php(417): CodeIgniter\CodeIgniter->run()
10 SYSTEMPATH\Boot.php(68): CodeIgniter\Boot::runCodeIgniter(Object(CodeIgniter\CodeIgniter))
11 FCPATH\index.php(59): CodeIgniter\Boot::bootWeb(Object(Config\Paths))
DEBUG - 2026-04-02 03:05:51 --> Session: Class initialized using 'CodeIgniter\Session\Handlers\FileHandler' driver.
DEBUG - 2026-04-02 03:05:58 --> Session: Class initialized using 'CodeIgniter\Session\Handlers\FileHandler' driver.
DEBUG - 2026-04-02 03:06:04 --> Session: Class initialized using 'CodeIgniter\Session\Handlers\FileHandler' driver.
DEBUG - 2026-04-02 03:06:17 --> Session: Class initialized using 'CodeIgniter\Session\Handlers\FileHandler' driver.
DEBUG - 2026-04-02 03:06:32 --> Session: Class initialized using 'CodeIgniter\Session\Handlers\FileHandler' driver.
DEBUG - 2026-04-02 03:06:47 --> Session: Class initialized using 'CodeIgniter\Session\Handlers\FileHandler' driver.
DEBUG - 2026-04-02 03:29:51 --> Session: Class initialized using 'CodeIgniter\Session\Handlers\FileHandler' driver.
DEBUG - 2026-04-02 03:31:48 --> Session: Class initialized using 'CodeIgniter\Session\Handlers\FileHandler' driver.
ERROR - 2026-04-02 03:31:48 --> Duplicate column name 'collected_amount'
in SYSTEMPATH\Database\MySQLi\Connection.php on line 300.
 1 SYSTEMPATH\Database\MySQLi\Connection.php(300): mysqli->query('ALTER TABLE programs ADD collected_amount DECIMAL(15,2) DEFAULT 0;', 0)
 2 SYSTEMPATH\Database\BaseConnection.php(769): CodeIgniter\Database\MySQLi\Connection->execute('ALTER TABLE programs ADD collected_amount DECIMAL(15,2) DEFAULT 0;')
 3 SYSTEMPATH\Database\BaseConnection.php(686): CodeIgniter\Database\BaseConnection->simpleQuery('ALTER TABLE programs ADD collected_amount DECIMAL(15,2) DEFAULT 0;')
 4 APPPATH\Controllers\Dashboard.php(430): CodeIgniter\Database\BaseConnection->query('ALTER TABLE programs ADD collected_amount DECIMAL(15,2) DEFAULT 0;')
 5 SYSTEMPATH\CodeIgniter.php(951): App\Controllers\Dashboard->patchDb()
 6 SYSTEMPATH\CodeIgniter.php(497): CodeIgniter\CodeIgniter->runController(Object(App\Controllers\Dashboard))
 7 SYSTEMPATH\CodeIgniter.php(340): CodeIgniter\CodeIgniter->handleRequest(null, Object(Config\Cache), false)
 8 SYSTEMPATH\Boot.php(417): CodeIgniter\CodeIgniter->run()
 9 SYSTEMPATH\Boot.php(68): CodeIgniter\Boot::runCodeIgniter(Object(CodeIgniter\CodeIgniter))
10 FCPATH\index.php(59): CodeIgniter\Boot::bootWeb(Object(Config\Paths))
ERROR - 2026-04-02 03:31:48 --> Duplicate column name 'proof_image'
in SYSTEMPATH\Database\MySQLi\Connection.php on line 300.
 1 SYSTEMPATH\Database\MySQLi\Connection.php(300): mysqli->query('ALTER TABLE transactions ADD proof_image VARCHAR(255) NULL;', 0)
 2 SYSTEMPATH\Database\BaseConnection.php(769): CodeIgniter\Database\MySQLi\Connection->execute('ALTER TABLE transactions ADD proof_image VARCHAR(255) NULL;')
 3 SYSTEMPATH\Database\BaseConnection.php(686): CodeIgniter\Database\BaseConnection->simpleQuery('ALTER TABLE transactions ADD proof_image VARCHAR(255) NULL;')
 4 APPPATH\Controllers\Dashboard.php(431): CodeIgniter\Database\BaseConnection->query('ALTER TABLE transactions ADD proof_image VARCHAR(255) NULL;')
 5 SYSTEMPATH\CodeIgniter.php(951): App\Controllers\Dashboard->patchDb()
 6 SYSTEMPATH\CodeIgniter.php(497): CodeIgniter\CodeIgniter->runController(Object(App\Controllers\Dashboard))
 7 SYSTEMPATH\CodeIgniter.php(340): CodeIgniter\CodeIgniter->handleRequest(null, Object(Config\Cache), false)
 8 SYSTEMPATH\Boot.php(417): CodeIgniter\CodeIgniter->run()
 9 SYSTEMPATH\Boot.php(68): CodeIgniter\Boot::runCodeIgniter(Object(CodeIgniter\CodeIgniter))
10 FCPATH\index.php(59): CodeIgniter\Boot::bootWeb(Object(Config\Paths))
DEBUG - 2026-04-02 03:32:09 --> Session: Class initialized using 'CodeIgniter\Session\Handlers\FileHandler' driver.
DEBUG - 2026-04-02 03:32:15 --> Session: Class initialized using 'CodeIgniter\Session\Handlers\FileHandler' driver.
WARNING - 2026-04-02 03:32:15 --> [DEPRECATED] strtotime(): Passing null to parameter #1 ($datetime) of type string is deprecated in APPPATH\Views\admin\dashboard\posts.php on line 42.
 1 APPPATH\Views\admin\dashboard\posts.php(42): strtotime(null)
 2 SYSTEMPATH\View\View.php(238): include('D:\\xampp-82\\htdocs\\compro_ppdi\\app\\Views\\admin\\dashboard\\posts.php')
 3 SYSTEMPATH\View\View.php(241): CodeIgniter\View\View->CodeIgniter\View\{closure}()
 4 SYSTEMPATH\Common.php(1250): CodeIgniter\View\View->render('admin/dashboard/posts', [], true)
 5 APPPATH\Controllers\Dashboard.php(70): view('admin/dashboard/posts', [...])
 6 SYSTEMPATH\CodeIgniter.php(951): App\Controllers\Dashboard->posts()
 7 SYSTEMPATH\CodeIgniter.php(497): CodeIgniter\CodeIgniter->runController(Object(App\Controllers\Dashboard))
 8 SYSTEMPATH\CodeIgniter.php(340): CodeIgniter\CodeIgniter->handleRequest(null, Object(Config\Cache), false)
 9 SYSTEMPATH\Boot.php(417): CodeIgniter\CodeIgniter->run()
10 SYSTEMPATH\Boot.php(68): CodeIgniter\Boot::runCodeIgniter(Object(CodeIgniter\CodeIgniter))
11 FCPATH\index.php(59): CodeIgniter\Boot::bootWeb(Object(Config\Paths))
WARNING - 2026-04-02 03:32:15 --> [DEPRECATED] strtotime(): Passing null to parameter #1 ($datetime) of type string is deprecated in APPPATH\Views\admin\dashboard\posts.php on line 42.
 1 APPPATH\Views\admin\dashboard\posts.php(42): strtotime(null)
 2 SYSTEMPATH\View\View.php(238): include('D:\\xampp-82\\htdocs\\compro_ppdi\\app\\Views\\admin\\dashboard\\posts.php')
 3 SYSTEMPATH\View\View.php(241): CodeIgniter\View\View->CodeIgniter\View\{closure}()
 4 SYSTEMPATH\Common.php(1250): CodeIgniter\View\View->render('admin/dashboard/posts', [], true)
 5 APPPATH\Controllers\Dashboard.php(70): view('admin/dashboard/posts', [...])
 6 SYSTEMPATH\CodeIgniter.php(951): App\Controllers\Dashboard->posts()
 7 SYSTEMPATH\CodeIgniter.php(497): CodeIgniter\CodeIgniter->runController(Object(App\Controllers\Dashboard))
 8 SYSTEMPATH\CodeIgniter.php(340): CodeIgniter\CodeIgniter->handleRequest(null, Object(Config\Cache), false)
 9 SYSTEMPATH\Boot.php(417): CodeIgniter\CodeIgniter->run()
10 SYSTEMPATH\Boot.php(68): CodeIgniter\Boot::runCodeIgniter(Object(CodeIgniter\CodeIgniter))
11 FCPATH\index.php(59): CodeIgniter\Boot::bootWeb(Object(Config\Paths))
WARNING - 2026-04-02 03:32:15 --> [DEPRECATED] strtotime(): Passing null to parameter #1 ($datetime) of type string is deprecated in APPPATH\Views\admin\dashboard\posts.php on line 42.
 1 APPPATH\Views\admin\dashboard\posts.php(42): strtotime(null)
 2 SYSTEMPATH\View\View.php(238): include('D:\\xampp-82\\htdocs\\compro_ppdi\\app\\Views\\admin\\dashboard\\posts.php')
 3 SYSTEMPATH\View\View.php(241): CodeIgniter\View\View->CodeIgniter\View\{closure}()
 4 SYSTEMPATH\Common.php(1250): CodeIgniter\View\View->render('admin/dashboard/posts', [], true)
 5 APPPATH\Controllers\Dashboard.php(70): view('admin/dashboard/posts', [...])
 6 SYSTEMPATH\CodeIgniter.php(951): App\Controllers\Dashboard->posts()
 7 SYSTEMPATH\CodeIgniter.php(497): CodeIgniter\CodeIgniter->runController(Object(App\Controllers\Dashboard))
 8 SYSTEMPATH\CodeIgniter.php(340): CodeIgniter\CodeIgniter->handleRequest(null, Object(Config\Cache), false)
 9 SYSTEMPATH\Boot.php(417): CodeIgniter\CodeIgniter->run()
10 SYSTEMPATH\Boot.php(68): CodeIgniter\Boot::runCodeIgniter(Object(CodeIgniter\CodeIgniter))
11 FCPATH\index.php(59): CodeIgniter\Boot::bootWeb(Object(Config\Paths))
DEBUG - 2026-04-02 03:32:17 --> Session: Class initialized using 'CodeIgniter\Session\Handlers\FileHandler' driver.
DEBUG - 2026-04-02 03:35:02 --> Session: Class initialized using 'CodeIgniter\Session\Handlers\FileHandler' driver.
INFO - 2026-04-02 03:35:54 --> CSRF token verified.
DEBUG - 2026-04-02 03:35:54 --> Session: Class initialized using 'CodeIgniter\Session\Handlers\FileHandler' driver.
DEBUG - 2026-04-02 03:35:54 --> Session: Class initialized using 'CodeIgniter\Session\Handlers\FileHandler' driver.
WARNING - 2026-04-02 03:35:54 --> [DEPRECATED] strtotime(): Passing null to parameter #1 ($datetime) of type string is deprecated in APPPATH\Views\admin\dashboard\posts.php on line 42.
 1 APPPATH\Views\admin\dashboard\posts.php(42): strtotime(null)
 2 SYSTEMPATH\View\View.php(238): include('D:\\xampp-82\\htdocs\\compro_ppdi\\app\\Views\\admin\\dashboard\\posts.php')
 3 SYSTEMPATH\View\View.php(241): CodeIgniter\View\View->CodeIgniter\View\{closure}()
 4 SYSTEMPATH\Common.php(1250): CodeIgniter\View\View->render('admin/dashboard/posts', [], true)
 5 APPPATH\Controllers\Dashboard.php(70): view('admin/dashboard/posts', [...])
 6 SYSTEMPATH\CodeIgniter.php(951): App\Controllers\Dashboard->posts()
 7 SYSTEMPATH\CodeIgniter.php(497): CodeIgniter\CodeIgniter->runController(Object(App\Controllers\Dashboard))
 8 SYSTEMPATH\CodeIgniter.php(340): CodeIgniter\CodeIgniter->handleRequest(null, Object(Config\Cache), false)
 9 SYSTEMPATH\Boot.php(417): CodeIgniter\CodeIgniter->run()
10 SYSTEMPATH\Boot.php(68): CodeIgniter\Boot::runCodeIgniter(Object(CodeIgniter\CodeIgniter))
11 FCPATH\index.php(59): CodeIgniter\Boot::bootWeb(Object(Config\Paths))
WARNING - 2026-04-02 03:35:54 --> [DEPRECATED] strtotime(): Passing null to parameter #1 ($datetime) of type string is deprecated in APPPATH\Views\admin\dashboard\posts.php on line 42.
 1 APPPATH\Views\admin\dashboard\posts.php(42): strtotime(null)
 2 SYSTEMPATH\View\View.php(238): include('D:\\xampp-82\\htdocs\\compro_ppdi\\app\\Views\\admin\\dashboard\\posts.php')
 3 SYSTEMPATH\View\View.php(241): CodeIgniter\View\View->CodeIgniter\View\{closure}()
 4 SYSTEMPATH\Common.php(1250): CodeIgniter\View\View->render('admin/dashboard/posts', [], true)
 5 APPPATH\Controllers\Dashboard.php(70): view('admin/dashboard/posts', [...])
 6 SYSTEMPATH\CodeIgniter.php(951): App\Controllers\Dashboard->posts()
 7 SYSTEMPATH\CodeIgniter.php(497): CodeIgniter\CodeIgniter->runController(Object(App\Controllers\Dashboard))
 8 SYSTEMPATH\CodeIgniter.php(340): CodeIgniter\CodeIgniter->handleRequest(null, Object(Config\Cache), false)
 9 SYSTEMPATH\Boot.php(417): CodeIgniter\CodeIgniter->run()
10 SYSTEMPATH\Boot.php(68): CodeIgniter\Boot::runCodeIgniter(Object(CodeIgniter\CodeIgniter))
11 FCPATH\index.php(59): CodeIgniter\Boot::bootWeb(Object(Config\Paths))
WARNING - 2026-04-02 03:35:54 --> [DEPRECATED] strtotime(): Passing null to parameter #1 ($datetime) of type string is deprecated in APPPATH\Views\admin\dashboard\posts.php on line 42.
 1 APPPATH\Views\admin\dashboard\posts.php(42): strtotime(null)
 2 SYSTEMPATH\View\View.php(238): include('D:\\xampp-82\\htdocs\\compro_ppdi\\app\\Views\\admin\\dashboard\\posts.php')
 3 SYSTEMPATH\View\View.php(241): CodeIgniter\View\View->CodeIgniter\View\{closure}()
 4 SYSTEMPATH\Common.php(1250): CodeIgniter\View\View->render('admin/dashboard/posts', [], true)
 5 APPPATH\Controllers\Dashboard.php(70): view('admin/dashboard/posts', [...])
 6 SYSTEMPATH\CodeIgniter.php(951): App\Controllers\Dashboard->posts()
 7 SYSTEMPATH\CodeIgniter.php(497): CodeIgniter\CodeIgniter->runController(Object(App\Controllers\Dashboard))
 8 SYSTEMPATH\CodeIgniter.php(340): CodeIgniter\CodeIgniter->handleRequest(null, Object(Config\Cache), false)
 9 SYSTEMPATH\Boot.php(417): CodeIgniter\CodeIgniter->run()
10 SYSTEMPATH\Boot.php(68): CodeIgniter\Boot::runCodeIgniter(Object(CodeIgniter\CodeIgniter))
11 FCPATH\index.php(59): CodeIgniter\Boot::bootWeb(Object(Config\Paths))
DEBUG - 2026-04-02 03:36:03 --> Session: Class initialized using 'CodeIgniter\Session\Handlers\FileHandler' driver.
DEBUG - 2026-04-02 03:36:07 --> Session: Class initialized using 'CodeIgniter\Session\Handlers\FileHandler' driver.
DEBUG - 2026-04-02 03:36:30 --> Session: Class initialized using 'CodeIgniter\Session\Handlers\FileHandler' driver.
DEBUG - 2026-04-02 03:36:30 --> Session: Class initialized using 'CodeIgniter\Session\Handlers\FileHandler' driver.
WARNING - 2026-04-02 03:36:30 --> [DEPRECATED] strtotime(): Passing null to parameter #1 ($datetime) of type string is deprecated in APPPATH\Views\admin\dashboard\posts.php on line 42.
 1 APPPATH\Views\admin\dashboard\posts.php(42): strtotime(null)
 2 SYSTEMPATH\View\View.php(238): include('D:\\xampp-82\\htdocs\\compro_ppdi\\app\\Views\\admin\\dashboard\\posts.php')
 3 SYSTEMPATH\View\View.php(241): CodeIgniter\View\View->CodeIgniter\View\{closure}()
 4 SYSTEMPATH\Common.php(1250): CodeIgniter\View\View->render('admin/dashboard/posts', [], true)
 5 APPPATH\Controllers\Dashboard.php(70): view('admin/dashboard/posts', [...])
 6 SYSTEMPATH\CodeIgniter.php(951): App\Controllers\Dashboard->posts()
 7 SYSTEMPATH\CodeIgniter.php(497): CodeIgniter\CodeIgniter->runController(Object(App\Controllers\Dashboard))
 8 SYSTEMPATH\CodeIgniter.php(340): CodeIgniter\CodeIgniter->handleRequest(null, Object(Config\Cache), false)
 9 SYSTEMPATH\Boot.php(417): CodeIgniter\CodeIgniter->run()
10 SYSTEMPATH\Boot.php(68): CodeIgniter\Boot::runCodeIgniter(Object(CodeIgniter\CodeIgniter))
11 FCPATH\index.php(59): CodeIgniter\Boot::bootWeb(Object(Config\Paths))
WARNING - 2026-04-02 03:36:30 --> [DEPRECATED] strtotime(): Passing null to parameter #1 ($datetime) of type string is deprecated in APPPATH\Views\admin\dashboard\posts.php on line 42.
 1 APPPATH\Views\admin\dashboard\posts.php(42): strtotime(null)
 2 SYSTEMPATH\View\View.php(238): include('D:\\xampp-82\\htdocs\\compro_ppdi\\app\\Views\\admin\\dashboard\\posts.php')
 3 SYSTEMPATH\View\View.php(241): CodeIgniter\View\View->CodeIgniter\View\{closure}()
 4 SYSTEMPATH\Common.php(1250): CodeIgniter\View\View->render('admin/dashboard/posts', [], true)
 5 APPPATH\Controllers\Dashboard.php(70): view('admin/dashboard/posts', [...])
 6 SYSTEMPATH\CodeIgniter.php(951): App\Controllers\Dashboard->posts()
 7 SYSTEMPATH\CodeIgniter.php(497): CodeIgniter\CodeIgniter->runController(Object(App\Controllers\Dashboard))
 8 SYSTEMPATH\CodeIgniter.php(340): CodeIgniter\CodeIgniter->handleRequest(null, Object(Config\Cache), false)
 9 SYSTEMPATH\Boot.php(417): CodeIgniter\CodeIgniter->run()
10 SYSTEMPATH\Boot.php(68): CodeIgniter\Boot::runCodeIgniter(Object(CodeIgniter\CodeIgniter))
11 FCPATH\index.php(59): CodeIgniter\Boot::bootWeb(Object(Config\Paths))
WARNING - 2026-04-02 03:36:30 --> [DEPRECATED] strtotime(): Passing null to parameter #1 ($datetime) of type string is deprecated in APPPATH\Views\admin\dashboard\posts.php on line 42.
 1 APPPATH\Views\admin\dashboard\posts.php(42): strtotime(null)
 2 SYSTEMPATH\View\View.php(238): include('D:\\xampp-82\\htdocs\\compro_ppdi\\app\\Views\\admin\\dashboard\\posts.php')
 3 SYSTEMPATH\View\View.php(241): CodeIgniter\View\View->CodeIgniter\View\{closure}()
 4 SYSTEMPATH\Common.php(1250): CodeIgniter\View\View->render('admin/dashboard/posts', [], true)
 5 APPPATH\Controllers\Dashboard.php(70): view('admin/dashboard/posts', [...])
 6 SYSTEMPATH\CodeIgniter.php(951): App\Controllers\Dashboard->posts()
 7 SYSTEMPATH\CodeIgniter.php(497): CodeIgniter\CodeIgniter->runController(Object(App\Controllers\Dashboard))
 8 SYSTEMPATH\CodeIgniter.php(340): CodeIgniter\CodeIgniter->handleRequest(null, Object(Config\Cache), false)
 9 SYSTEMPATH\Boot.php(417): CodeIgniter\CodeIgniter->run()
10 SYSTEMPATH\Boot.php(68): CodeIgniter\Boot::runCodeIgniter(Object(CodeIgniter\CodeIgniter))
11 FCPATH\index.php(59): CodeIgniter\Boot::bootWeb(Object(Config\Paths))
DEBUG - 2026-04-02 03:36:42 --> Session: Class initialized using 'CodeIgniter\Session\Handlers\FileHandler' driver.
DEBUG - 2026-04-02 03:36:50 --> Session: Class initialized using 'CodeIgniter\Session\Handlers\FileHandler' driver.
DEBUG - 2026-04-02 03:36:53 --> Session: Class initialized using 'CodeIgniter\Session\Handlers\FileHandler' driver.
DEBUG - 2026-04-02 03:36:57 --> Session: Class initialized using 'CodeIgniter\Session\Handlers\FileHandler' driver.
DEBUG - 2026-04-02 03:38:54 --> Session: Class initialized using 'CodeIgniter\Session\Handlers\FileHandler' driver.
DEBUG - 2026-04-02 03:38:56 --> Session: Class initialized using 'CodeIgniter\Session\Handlers\FileHandler' driver.
DEBUG - 2026-04-02 03:38:58 --> Session: Class initialized using 'CodeIgniter\Session\Handlers\FileHandler' driver.
DEBUG - 2026-04-02 03:39:01 --> Session: Class initialized using 'CodeIgniter\Session\Handlers\FileHandler' driver.
DEBUG - 2026-04-02 03:39:03 --> Session: Class initialized using 'CodeIgniter\Session\Handlers\FileHandler' driver.
DEBUG - 2026-04-02 03:39:05 --> Session: Class initialized using 'CodeIgniter\Session\Handlers\FileHandler' driver.
